2017-12-01T19:28:47+00:00 CRITICAL Maximum execution time of 90 seconds exceeded

2017-12-03T07:25:27+00:00 CRITICAL Maximum execution time of 90 seconds exceeded

2017-12-03T07:25:38+00:00 CRITICAL Maximum execution time of 90 seconds exceeded

2017-12-03T13:31:55+00:00 CRITICAL Uncaught Error: Class 'ET_Builder_Element' not found in C:\xampp\htdocs\Ansarieyehospital\wp-content\themes\Divi\includes\builder\functions.php:1314
Stack trace:
#0 C:\xampp\htdocs\Ansarieyehospital\wp-includes\class-wp-hook.php(298): et_pb_maybe_add_advanced_styles('')
#1 C:\xampp\htdocs\Ansarieyehospital\wp-includes\class-wp-hook.php(323): WP_Hook->apply_filters(NULL, Array)
#2 C:\xampp\htdocs\Ansarieyehospital\wp-includes\plugin.php(453): WP_Hook->do_action(Array)
#3 C:\xampp\htdocs\Ansarieyehospital\wp-includes\general-template.php(2605): do_action('wp_footer')
#4 C:\xampp\htdocs\Ansarieyehospital\wp-content\plugins\ml-slider\ml-slider.php(404): wp_footer()
#5 C:\xampp\htdocs\Ansarieyehospital\wp-includes\class-wp-hook.php(298): MetaSliderPlugin->do_preview('')
#6 C:\xampp\htdocs\Ansarieyehospital\wp-includes\class-wp-hook.php(323): WP_Hook->apply_filters('', Array)
#7 C:\xampp\htdocs\Ansarieyehospital\wp-includes\plugin.php(453): WP_Hook->do_action(Array)
#8 C:\xampp\htdocs\Ansarieyehospital\wp-admin\adm

2017-12-16T14:19:02+00:00 CRITICAL Maximum execution time of 90 seconds exceeded

2017-12-16T14:19:28+00:00 CRITICAL Maximum execution time of 90 seconds exceeded

2017-12-25T14:55:26+00:00 CRITICAL Uncaught Error: Class 'ET_Builder_Element' not found in C:\xampp\htdocs\Ansarieyehospital\wp-content\themes\Divi\includes\builder\functions.php:1314
Stack trace:
#0 C:\xampp\htdocs\Ansarieyehospital\wp-includes\class-wp-hook.php(298): et_pb_maybe_add_advanced_styles('')
#1 C:\xampp\htdocs\Ansarieyehospital\wp-includes\class-wp-hook.php(323): WP_Hook->apply_filters(NULL, Array)
#2 C:\xampp\htdocs\Ansarieyehospital\wp-includes\plugin.php(453): WP_Hook->do_action(Array)
#3 C:\xampp\htdocs\Ansarieyehospital\wp-includes\general-template.php(2605): do_action('wp_footer')
#4 C:\xampp\htdocs\Ansarieyehospital\wp-content\plugins\ml-slider\ml-slider.php(414): wp_footer()
#5 C:\xampp\htdocs\Ansarieyehospital\wp-includes\class-wp-hook.php(298): MetaSliderPlugin->do_preview('')
#6 C:\xampp\htdocs\Ansarieyehospital\wp-includes\class-wp-hook.php(323): WP_Hook->apply_filters('', Array)
#7 C:\xampp\htdocs\Ansarieyehospital\wp-includes\plugin.php(453): WP_Hook->do_action(Array)
#8 C:\xampp\htdocs\Ansarieyehospital\wp-admin\adm

2018-01-09T19:42:23+00:00 CRITICAL Maximum execution time of 90 seconds exceeded

2018-01-09T20:05:35+00:00 CRITICAL Maximum execution time of 90 seconds exceeded

2018-01-09T20:16:48+00:00 CRITICAL Maximum execution time of 90 seconds exceeded

